<?xml version="1.0" encoding="UTF-8"?>
<testsuite xmlns:xsi="http://www.w3.org/2001/XMLSchema-instance" xsi:noNamespaceSchemaLocation="https://maven.apache.org/surefire/maven-surefire-plugin/xsd/surefire-test-report-3.0.xsd" version="3.0" name="com.ifpe.ts.testes.integracao.RegistroTest" time="0.436" tests="2" errors="0" skipped="0" failures="1">
  <properties>
    <property name="java.specification.version" value="17"/>
    <property name="sun.cpu.isalist" value="amd64"/>
    <property name="sun.jnu.encoding" value="Cp1252"/>
    <property name="java.class.path" value="C:\Users\Humberto\eclipse-workspace\integracao\target\test-classes;C:\Users\Humberto\eclipse-workspace\integracao\target\classes;C:\Users\Humberto\.m2\repository\junit\junit\4.12\junit-4.12.jar;C:\Users\Humberto\.m2\repository\org\hamcrest\hamcrest-core\1.3\hamcrest-core-1.3.jar;C:\Users\Humberto\.m2\repository\com\oracle\ojdbc8\19.3\ojdbc8-19.3.jar;C:\Users\Humberto\.m2\repository\mysql\mysql-connector-java\8.0.26\mysql-connector-java-8.0.26.jar;C:\Users\Humberto\.m2\repository\com\google\protobuf\protobuf-java\3.11.4\protobuf-java-3.11.4.jar;C:\Users\Humberto\.m2\repository\org\assertj\assertj-swing-junit\3.9.2\assertj-swing-junit-3.9.2.jar;C:\Users\Humberto\.m2\repository\org\assertj\assertj-swing\3.9.2\assertj-swing-3.9.2.jar;C:\Users\Humberto\.m2\repository\org\assertj\assertj-core\3.11.1\assertj-core-3.11.1.jar;C:\Users\Humberto\.m2\repository\org\easytesting\fest-util\1.2.5\fest-util-1.2.5.jar;C:\Users\Humberto\.m2\repository\org\easytesting\fest-reflect\1.4.1\fest-reflect-1.4.1.jar;"/>
    <property name="java.vm.vendor" value="Eclipse Adoptium"/>
    <property name="sun.arch.data.model" value="64"/>
    <property name="user.variant" value=""/>
    <property name="java.vendor.url" value="https://adoptium.net/"/>
    <property name="user.timezone" value="America/Fortaleza"/>
    <property name="os.name" value="Windows 10"/>
    <property name="java.vm.specification.version" value="17"/>
    <property name="sun.java.launcher" value="SUN_STANDARD"/>
    <property name="user.country" value="BR"/>
    <property name="sun.boot.library.path" value="C:\Users\Humberto\.p2\pool\plugins\org.eclipse.justj.openjdk.hotspot.jre.full.win32.x86_64_17.0.0.v20211012-1059\jre\bin"/>
    <property name="sun.java.command" value="C:\Users\Humberto\AppData\Local\Temp\surefire14524546308151962194\surefirebooter4767433254085933496.jar C:\Users\Humberto\AppData\Local\Temp\surefire14524546308151962194 2022-03-17T15-15-45_894-jvmRun1 surefire16892311548274821147tmp surefire_014885330019812530200tmp"/>
    <property name="jdk.debug" value="release"/>
    <property name="surefire.test.class.path" value="C:\Users\Humberto\eclipse-workspace\integracao\target\test-classes;C:\Users\Humberto\eclipse-workspace\integracao\target\classes;C:\Users\Humberto\.m2\repository\junit\junit\4.12\junit-4.12.jar;C:\Users\Humberto\.m2\repository\org\hamcrest\hamcrest-core\1.3\hamcrest-core-1.3.jar;C:\Users\Humberto\.m2\repository\com\oracle\ojdbc8\19.3\ojdbc8-19.3.jar;C:\Users\Humberto\.m2\repository\mysql\mysql-connector-java\8.0.26\mysql-connector-java-8.0.26.jar;C:\Users\Humberto\.m2\repository\com\google\protobuf\protobuf-java\3.11.4\protobuf-java-3.11.4.jar;C:\Users\Humberto\.m2\repository\org\assertj\assertj-swing-junit\3.9.2\assertj-swing-junit-3.9.2.jar;C:\Users\Humberto\.m2\repository\org\assertj\assertj-swing\3.9.2\assertj-swing-3.9.2.jar;C:\Users\Humberto\.m2\repository\org\assertj\assertj-core\3.11.1\assertj-core-3.11.1.jar;C:\Users\Humberto\.m2\repository\org\easytesting\fest-util\1.2.5\fest-util-1.2.5.jar;C:\Users\Humberto\.m2\repository\org\easytesting\fest-reflect\1.4.1\fest-reflect-1.4.1.jar;"/>
    <property name="sun.cpu.endian" value="little"/>
    <property name="user.home" value="C:\Users\Humberto"/>
    <property name="user.language" value="pt"/>
    <property name="java.specification.vendor" value="Oracle Corporation"/>
    <property name="java.version.date" value="2021-09-14"/>
    <property name="java.home" value="C:\Users\Humberto\.p2\pool\plugins\org.eclipse.justj.openjdk.hotspot.jre.full.win32.x86_64_17.0.0.v20211012-1059\jre"/>
    <property name="file.separator" value="\"/>
    <property name="basedir" value="C:\Users\Humberto\eclipse-workspace\integracao"/>
    <property name="java.vm.compressedOopsMode" value="32-bit"/>
    <property name="line.separator" value="&#10;"/>
    <property name="java.vm.specification.vendor" value="Oracle Corporation"/>
    <property name="java.specification.name" value="Java Platform API Specification"/>
    <property name="surefire.real.class.path" value="C:\Users\Humberto\AppData\Local\Temp\surefire14524546308151962194\surefirebooter4767433254085933496.jar"/>
    <property name="user.script" value=""/>
    <property name="sun.management.compiler" value="HotSpot 64-Bit Tiered Compilers"/>
    <property name="java.runtime.version" value="17+35"/>
    <property name="user.name" value="Humberto"/>
    <property name="path.separator" value=";"/>
    <property name="os.version" value="10.0"/>
    <property name="java.runtime.name" value="OpenJDK Runtime Environment"/>
    <property name="file.encoding" value="Cp1252"/>
    <property name="java.vm.name" value="OpenJDK 64-Bit Server VM"/>
    <property name="java.vendor.version" value="Temurin-17+35"/>
    <property name="localRepository" value="C:\Users\Humberto\.m2\repository"/>
    <property name="java.vendor.url.bug" value="https://github.com/adoptium/adoptium-support/issues"/>
    <property name="java.io.tmpdir" value="C:\Users\Humberto\AppData\Local\Temp\"/>
    <property name="java.version" value="17"/>
    <property name="user.dir" value="C:\Users\Humberto\eclipse-workspace\integracao"/>
    <property name="os.arch" value="amd64"/>
    <property name="java.vm.specification.name" value="Java Virtual Machine Specification"/>
    <property name="sun.os.patch.level" value=""/>
    <property name="native.encoding" value="Cp1252"/>
    <property name="java.library.path" value="C:\Users\Humberto\.p2\pool\plugins\org.eclipse.justj.openjdk.hotspot.jre.full.win32.x86_64_17.0.0.v20211012-1059\jre\bin;C:\WINDOWS\Sun\Java\bin;C:\WINDOWS\system32;C:\WINDOWS;C:/Users/Humberto/.p2/pool/plugins/org.eclipse.justj.openjdk.hotspot.jre.full.win32.x86_64_17.0.0.v20211012-1059/jre/bin/server;C:/Users/Humberto/.p2/pool/plugins/org.eclipse.justj.openjdk.hotspot.jre.full.win32.x86_64_17.0.0.v20211012-1059/jre/bin;C:\flutter\bin;C:\Python38\Scripts\;C:\Python38\;C:\Program Files (x86)\Common Files\Oracle\Java\javapath;C:\WINDOWS\system32;C:\WINDOWS;C:\WINDOWS\System32\Wbem;C:\WINDOWS\System32\WindowsPowerShell\v1.0\;C:\WINDOWS\System32\OpenSSH\;C:\Program Files\Git\cmd;C:\Program Files\MySQL\MySQL Server 8.0\bin;C:\ffmpeg-20200504-5767a2e-win64-static\bin;C:\Users\Humberto\Downloads\php-7.4.9-Win32-vc15-x64;C:\ProgramData\ComposerSetup\bin;C:\ProgramData\chocolatey\bin;C:\Users\Humberto\AppData\Local\Programs\Python\Python38-32\Scripts\;C:\Users\Humberto\AppData\Local\Programs\Python\Python38-32\;C:\Program Files\MySQL\MySQL Shell 8.0\bin\;C:\Users\Humberto\AppData\Local\Microsoft\WindowsApps;C:\Program Files\heroku\bin;C:\Users\Humberto\AppData\Roaming\Composer\vendor\bin;C:\Users\Humberto\AppData\Roaming\npm;C:\Users\Humberto\AppData\Local\Programs\Microsoft VS Code\bin;C:\WINDOWS\system32;C:\WINDOWS;C:\WINDOWS\System32\Wbem;C:\WINDOWS\System32\WindowsPowerShell\v1.0\;C:\WINDOWS\System32\OpenSSH\;C:\Program Files\nodejs\;C:\Gradle\gradle-7.1\bin;C:\Program Files\PuTTY\;C:\Users\Humberto\AppData\Local\Programs\Python\Python38-32\Scripts\;C:\Users\Humberto\AppData\Local\Programs\Python\Python38-32\;C:\Program Files\MySQL\MySQL Shell 8.0\bin\;C:\Users\Humberto\AppData\Local\Microsoft\WindowsApps;C:\Program Files\heroku\bin;C:\Users\Humberto\AppData\Roaming\Composer\vendor\bin;C:\Users\Humberto\AppData\Local\Programs\Microsoft VS Code\bin;C:\Users\Humberto\AppData\Roaming\npm;C:\tools\dart-sdk\bin;C:\Users\Humberto\AppData\Roaming\Pub\Cache\bin;C:\Gradle\gradle-7.1\bin;C:\Users\Humberto\maven\apache-maven-3.8.4\bin;;C:\WINDOWS\System32;;."/>
    <property name="java.vm.info" value="mixed mode"/>
    <property name="java.vendor" value="Eclipse Adoptium"/>
    <property name="java.vm.version" value="17+35"/>
    <property name="sun.io.unicode.encoding" value="UnicodeLittle"/>
    <property name="java.class.version" value="61.0"/>
  </properties>
  <testcase name="encontraValorTest" classname="com.ifpe.ts.testes.integracao.RegistroTest" time="0.388">
    <failure type="java.lang.AssertionError"><![CDATA[java.lang.AssertionError
	at com.ifpe.ts.testes.integracao.RegistroTest.encontraValorTest(RegistroTest.java:49)
]]></failure>
    <system-err><![CDATA[Loading class `com.mysql.jdbc.Driver'. This is deprecated. The new driver class is `com.mysql.cj.jdbc.Driver'. The driver is automatically registered via the SPI and manual loading of the driver class is generally unnecessary.
]]></system-err>
  </testcase>
  <testcase name="insertTest" classname="com.ifpe.ts.testes.integracao.RegistroTest" time="0.032"/>
</testsuite>